<?xml version="1.0" encoding="UTF-8"?>
<testsuite xmlns:xsi="http://www.w3.org/2001/XMLSchema-instance" xsi:noNamespaceSchemaLocation="https://maven.apache.org/surefire/maven-surefire-plugin/xsd/surefire-test-report.xsd" version="3.0.2" name="com.rmunyema.bookstore_api.BookstoreApiApplicationTests" time="1.923" tests="1" errors="0" skipped="0" failures="0">
  <properties>
    <property name="java.specification.version" value="22"/>
    <property name="sun.jnu.encoding" value="UTF-8"/>
    <property name="java.class.path" value="/Users/richardmunyemana/Downloads/bookstore-api/target/test-classes:/Users/richardmunyemana/Downloads/bookstore-api/target/classes:/Users/richardmunyemana/.m2/repository/org/springframework/boot/spring-boot-starter-data-jpa/3.4.3/spring-boot-starter-data-jpa-3.4.3.jar:/Users/richardmunyemana/.m2/repository/org/springframework/boot/spring-boot-starter/3.4.3/spring-boot-starter-3.4.3.jar:/Users/richardmunyemana/.m2/repository/org/springframework/boot/spring-boot/3.4.3/spring-boot-3.4.3.jar:/Users/richardmunyemana/.m2/repository/org/springframework/boot/spring-boot-autoconfigure/3.4.3/spring-boot-autoconfigure-3.4.3.jar:/Users/richardmunyemana/.m2/repository/org/springframework/boot/spring-boot-starter-logging/3.4.3/spring-boot-starter-logging-3.4.3.jar:/Users/richardmunyemana/.m2/repository/ch/qos/logback/logback-classic/1.5.16/logback-classic-1.5.16.jar:/Users/richardmunyemana/.m2/repository/ch/qos/logback/logback-core/1.5.16/logback-core-1.5.16.jar:/Users/richardmunyemana/.m2/repository/org/apache/logging/log4j/log4j-to-slf4j/2.24.3/log4j-to-slf4j-2.24.3.jar:/Users/richardmunyemana/.m2/repository/org/apache/logging/log4j/log4j-api/2.24.3/log4j-api-2.24.3.jar:/Users/richardmunyemana/.m2/repository/org/slf4j/jul-to-slf4j/2.0.16/jul-to-slf4j-2.0.16.jar:/Users/richardmunyemana/.m2/repository/jakarta/annotation/jakarta.annotation-api/2.1.1/jakarta.annotation-api-2.1.1.jar:/Users/richardmunyemana/.m2/repository/org/yaml/snakeyaml/2.3/snakeyaml-2.3.jar:/Users/richardmunyemana/.m2/repository/org/springframework/boot/spring-boot-starter-jdbc/3.4.3/spring-boot-starter-jdbc-3.4.3.jar:/Users/richardmunyemana/.m2/repository/com/zaxxer/HikariCP/5.1.0/HikariCP-5.1.0.jar:/Users/richardmunyemana/.m2/repository/org/springframework/spring-jdbc/6.2.3/spring-jdbc-6.2.3.jar:/Users/richardmunyemana/.m2/repository/org/hibernate/orm/hibernate-core/6.6.8.Final/hibernate-core-6.6.8.Final.jar:/Users/richardmunyemana/.m2/repository/jakarta/persistence/jakarta.persistence-api/3.1.0/jakarta.persistence-api-3.1.0.jar:/Users/richardmunyemana/.m2/repository/jakarta/transaction/jakarta.transaction-api/2.0.1/jakarta.transaction-api-2.0.1.jar:/Users/richardmunyemana/.m2/repository/org/jboss/logging/jboss-logging/3.6.1.Final/jboss-logging-3.6.1.Final.jar:/Users/richardmunyemana/.m2/repository/org/hibernate/common/hibernate-commons-annotations/7.0.3.Final/hibernate-commons-annotations-7.0.3.Final.jar:/Users/richardmunyemana/.m2/repository/io/smallrye/jandex/3.2.0/jandex-3.2.0.jar:/Users/richardmunyemana/.m2/repository/com/fasterxml/classmate/1.7.0/classmate-1.7.0.jar:/Users/richardmunyemana/.m2/repository/net/bytebuddy/byte-buddy/1.15.11/byte-buddy-1.15.11.jar:/Users/richardmunyemana/.m2/repository/org/glassfish/jaxb/jaxb-runtime/4.0.5/jaxb-runtime-4.0.5.jar:/Users/richardmunyemana/.m2/repository/org/glassfish/jaxb/jaxb-core/4.0.5/jaxb-core-4.0.5.jar:/Users/richardmunyemana/.m2/repository/org/eclipse/angus/angus-activation/2.0.2/angus-activation-2.0.2.jar:/Users/richardmunyemana/.m2/repository/org/glassfish/jaxb/txw2/4.0.5/txw2-4.0.5.jar:/Users/richardmunyemana/.m2/repository/com/sun/istack/istack-commons-runtime/4.1.2/istack-commons-runtime-4.1.2.jar:/Users/richardmunyemana/.m2/repository/jakarta/inject/jakarta.inject-api/2.0.1/jakarta.inject-api-2.0.1.jar:/Users/richardmunyemana/.m2/repository/org/antlr/antlr4-runtime/4.13.0/antlr4-runtime-4.13.0.jar:/Users/richardmunyemana/.m2/repository/org/springframework/data/spring-data-jpa/3.4.3/spring-data-jpa-3.4.3.jar:/Users/richardmunyemana/.m2/repository/org/springframework/data/spring-data-commons/3.4.3/spring-data-commons-3.4.3.jar:/Users/richardmunyemana/.m2/repository/org/springframework/spring-orm/6.2.3/spring-orm-6.2.3.jar:/Users/richardmunyemana/.m2/repository/org/springframework/spring-context/6.2.3/spring-context-6.2.3.jar:/Users/richardmunyemana/.m2/repository/org/springframework/spring-aop/6.2.3/spring-aop-6.2.3.jar:/Users/richardmunyemana/.m2/repository/org/springframework/spring-tx/6.2.3/spring-tx-6.2.3.jar:/Users/richardmunyemana/.m2/repository/org/springframework/spring-beans/6.2.3/spring-beans-6.2.3.jar:/Users/richardmunyemana/.m2/repository/org/slf4j/slf4j-api/2.0.16/slf4j-api-2.0.16.jar:/Users/richardmunyemana/.m2/repository/org/springframework/spring-aspects/6.2.3/spring-aspects-6.2.3.jar:/Users/richardmunyemana/.m2/repository/org/aspectj/aspectjweaver/1.9.22.1/aspectjweaver-1.9.22.1.jar:/Users/richardmunyemana/.m2/repository/org/springframework/boot/spring-boot-starter-web/3.4.3/spring-boot-starter-web-3.4.3.jar:/Users/richardmunyemana/.m2/repository/org/springframework/boot/spring-boot-starter-json/3.4.3/spring-boot-starter-json-3.4.3.jar:/Users/richardmunyemana/.m2/repository/com/fasterxml/jackson/core/jackson-databind/2.18.2/jackson-databind-2.18.2.jar:/Users/richardmunyemana/.m2/repository/com/fasterxml/jackson/core/jackson-annotations/2.18.2/jackson-annotations-2.18.2.jar:/Users/richardmunyemana/.m2/repository/com/fasterxml/jackson/core/jackson-core/2.18.2/jackson-core-2.18.2.jar:/Users/richardmunyemana/.m2/repository/com/fasterxml/jackson/datatype/jackson-datatype-jdk8/2.18.2/jackson-datatype-jdk8-2.18.2.jar:/Users/richardmunyemana/.m2/repository/com/fasterxml/jackson/datatype/jackson-datatype-jsr310/2.18.2/jackson-datatype-jsr310-2.18.2.jar:/Users/richardmunyemana/.m2/repository/com/fasterxml/jackson/module/jackson-module-parameter-names/2.18.2/jackson-module-parameter-names-2.18.2.jar:/Users/richardmunyemana/.m2/repository/org/springframework/boot/spring-boot-starter-tomcat/3.4.3/spring-boot-starter-tomcat-3.4.3.jar:/Users/richardmunyemana/.m2/repository/org/apache/tomcat/embed/tomcat-embed-core/10.1.36/tomcat-embed-core-10.1.36.jar:/Users/richardmunyemana/.m2/repository/org/apache/tomcat/embed/tomcat-embed-websocket/10.1.36/tomcat-embed-websocket-10.1.36.jar:/Users/richardmunyemana/.m2/repository/org/springframework/spring-web/6.2.3/spring-web-6.2.3.jar:/Users/richardmunyemana/.m2/repository/io/micrometer/micrometer-observation/1.14.4/micrometer-observation-1.14.4.jar:/Users/richardmunyemana/.m2/repository/io/micrometer/micrometer-commons/1.14.4/micrometer-commons-1.14.4.jar:/Users/richardmunyemana/.m2/repository/org/springframework/spring-webmvc/6.2.3/spring-webmvc-6.2.3.jar:/Users/richardmunyemana/.m2/repository/org/springframework/spring-expression/6.2.3/spring-expression-6.2.3.jar:/Users/richardmunyemana/.m2/repository/org/springframework/boot/spring-boot-starter-validation/3.4.3/spring-boot-starter-validation-3.4.3.jar:/Users/richardmunyemana/.m2/repository/org/apache/tomcat/embed/tomcat-embed-el/10.1.36/tomcat-embed-el-10.1.36.jar:/Users/richardmunyemana/.m2/repository/org/hibernate/validator/hibernate-validator/8.0.2.Final/hibernate-validator-8.0.2.Final.jar:/Users/richardmunyemana/.m2/repository/jakarta/validation/jakarta.validation-api/3.0.2/jakarta.validation-api-3.0.2.jar:/Users/richardmunyemana/.m2/repository/com/mysql/mysql-connector-j/9.1.0/mysql-connector-j-9.1.0.jar:/Users/richardmunyemana/.m2/repository/org/projectlombok/lombok/1.18.36/lombok-1.18.36.jar:/Users/richardmunyemana/.m2/repository/org/springframework/boot/spring-boot-starter-test/3.4.3/spring-boot-starter-test-3.4.3.jar:/Users/richardmunyemana/.m2/repository/org/springframework/boot/spring-boot-test/3.4.3/spring-boot-test-3.4.3.jar:/Users/richardmunyemana/.m2/repository/org/springframework/boot/spring-boot-test-autoconfigure/3.4.3/spring-boot-test-autoconfigure-3.4.3.jar:/Users/richardmunyemana/.m2/repository/com/jayway/jsonpath/json-path/2.9.0/json-path-2.9.0.jar:/Users/richardmunyemana/.m2/repository/jakarta/xml/bind/jakarta.xml.bind-api/4.0.2/jakarta.xml.bind-api-4.0.2.jar:/Users/richardmunyemana/.m2/repository/jakarta/activation/jakarta.activation-api/2.1.3/jakarta.activation-api-2.1.3.jar:/Users/richardmunyemana/.m2/repository/net/minidev/json-smart/2.5.2/json-smart-2.5.2.jar:/Users/richardmunyemana/.m2/repository/net/minidev/accessors-smart/2.5.2/accessors-smart-2.5.2.jar:/Users/richardmunyemana/.m2/repository/org/ow2/asm/asm/9.7.1/asm-9.7.1.jar:/Users/richardmunyemana/.m2/repository/org/assertj/assertj-core/3.26.3/assertj-core-3.26.3.jar:/Users/richardmunyemana/.m2/repository/org/awaitility/awaitility/4.2.2/awaitility-4.2.2.jar:/Users/richardmunyemana/.m2/repository/org/hamcrest/hamcrest/2.2/hamcrest-2.2.jar:/Users/richardmunyemana/.m2/repository/org/junit/jupiter/junit-jupiter/5.11.4/junit-jupiter-5.11.4.jar:/Users/richardmunyemana/.m2/repository/org/junit/jupiter/junit-jupiter-api/5.11.4/junit-jupiter-api-5.11.4.jar:/Users/richardmunyemana/.m2/repository/org/opentest4j/opentest4j/1.3.0/opentest4j-1.3.0.jar:/Users/richardmunyemana/.m2/repository/org/junit/platform/junit-platform-commons/1.11.4/junit-platform-commons-1.11.4.jar:/Users/richardmunyemana/.m2/repository/org/apiguardian/apiguardian-api/1.1.2/apiguardian-api-1.1.2.jar:/Users/richardmunyemana/.m2/repository/org/junit/jupiter/junit-jupiter-params/5.11.4/junit-jupiter-params-5.11.4.jar:/Users/richardmunyemana/.m2/repository/org/junit/jupiter/junit-jupiter-engine/5.11.4/junit-jupiter-engine-5.11.4.jar:/Users/richardmunyemana/.m2/repository/org/junit/platform/junit-platform-engine/1.11.4/junit-platform-engine-1.11.4.jar:/Users/richardmunyemana/.m2/repository/org/mockito/mockito-core/5.14.2/mockito-core-5.14.2.jar:/Users/richardmunyemana/.m2/repository/net/bytebuddy/byte-buddy-agent/1.15.11/byte-buddy-agent-1.15.11.jar:/Users/richardmunyemana/.m2/repository/org/objenesis/objenesis/3.3/objenesis-3.3.jar:/Users/richardmunyemana/.m2/repository/org/mockito/mockito-junit-jupiter/5.14.2/mockito-junit-jupiter-5.14.2.jar:/Users/richardmunyemana/.m2/repository/org/skyscreamer/jsonassert/1.5.3/jsonassert-1.5.3.jar:/Users/richardmunyemana/.m2/repository/com/vaadin/external/google/android-json/0.0.20131108.vaadin1/android-json-0.0.20131108.vaadin1.jar:/Users/richardmunyemana/.m2/repository/org/springframework/spring-core/6.2.3/spring-core-6.2.3.jar:/Users/richardmunyemana/.m2/repository/org/springframework/spring-jcl/6.2.3/spring-jcl-6.2.3.jar:/Users/richardmunyemana/.m2/repository/org/springframework/spring-test/6.2.3/spring-test-6.2.3.jar:/Users/richardmunyemana/.m2/repository/org/xmlunit/xmlunit-core/2.10.0/xmlunit-core-2.10.0.jar:"/>
    <property name="java.vm.vendor" value="Oracle Corporation"/>
    <property name="sun.arch.data.model" value="64"/>
    <property name="java.vendor.url" value="https://java.oracle.com/"/>
    <property name="user.timezone" value="Africa/Kigali"/>
    <property name="org.jboss.logging.provider" value="slf4j"/>
    <property name="os.name" value="Mac OS X"/>
    <property name="java.vm.specification.version" value="22"/>
    <property name="sun.java.launcher" value="SUN_STANDARD"/>
    <property name="user.country" value="US"/>
    <property name="sun.boot.library.path" value="/opt/homebrew/opt/sdkman-cli/libexec/candidates/java/22.0.2-oracle/lib"/>
    <property name="sun.java.command" value="/Users/richardmunyemana/Downloads/bookstore-api/target/surefire/surefirebooter-20250321174059250_3.jar /Users/richardmunyemana/Downloads/bookstore-api/target/surefire 2025-03-21T17-40-59_216-jvmRun1 surefire-20250321174059250_1tmp surefire_0-20250321174059250_2tmp"/>
    <property name="http.nonProxyHosts" value="local|*.local|169.254/16|*.169.254/16"/>
    <property name="jdk.debug" value="release"/>
    <property name="surefire.test.class.path" value="/Users/richardmunyemana/Downloads/bookstore-api/target/test-classes:/Users/richardmunyemana/Downloads/bookstore-api/target/classes:/Users/richardmunyemana/.m2/repository/org/springframework/boot/spring-boot-starter-data-jpa/3.4.3/spring-boot-starter-data-jpa-3.4.3.jar:/Users/richardmunyemana/.m2/repository/org/springframework/boot/spring-boot-starter/3.4.3/spring-boot-starter-3.4.3.jar:/Users/richardmunyemana/.m2/repository/org/springframework/boot/spring-boot/3.4.3/spring-boot-3.4.3.jar:/Users/richardmunyemana/.m2/repository/org/springframework/boot/spring-boot-autoconfigure/3.4.3/spring-boot-autoconfigure-3.4.3.jar:/Users/richardmunyemana/.m2/repository/org/springframework/boot/spring-boot-starter-logging/3.4.3/spring-boot-starter-logging-3.4.3.jar:/Users/richardmunyemana/.m2/repository/ch/qos/logback/logback-classic/1.5.16/logback-classic-1.5.16.jar:/Users/richardmunyemana/.m2/repository/ch/qos/logback/logback-core/1.5.16/logback-core-1.5.16.jar:/Users/richardmunyemana/.m2/repository/org/apache/logging/log4j/log4j-to-slf4j/2.24.3/log4j-to-slf4j-2.24.3.jar:/Users/richardmunyemana/.m2/repository/org/apache/logging/log4j/log4j-api/2.24.3/log4j-api-2.24.3.jar:/Users/richardmunyemana/.m2/repository/org/slf4j/jul-to-slf4j/2.0.16/jul-to-slf4j-2.0.16.jar:/Users/richardmunyemana/.m2/repository/jakarta/annotation/jakarta.annotation-api/2.1.1/jakarta.annotation-api-2.1.1.jar:/Users/richardmunyemana/.m2/repository/org/yaml/snakeyaml/2.3/snakeyaml-2.3.jar:/Users/richardmunyemana/.m2/repository/org/springframework/boot/spring-boot-starter-jdbc/3.4.3/spring-boot-starter-jdbc-3.4.3.jar:/Users/richardmunyemana/.m2/repository/com/zaxxer/HikariCP/5.1.0/HikariCP-5.1.0.jar:/Users/richardmunyemana/.m2/repository/org/springframework/spring-jdbc/6.2.3/spring-jdbc-6.2.3.jar:/Users/richardmunyemana/.m2/repository/org/hibernate/orm/hibernate-core/6.6.8.Final/hibernate-core-6.6.8.Final.jar:/Users/richardmunyemana/.m2/repository/jakarta/persistence/jakarta.persistence-api/3.1.0/jakarta.persistence-api-3.1.0.jar:/Users/richardmunyemana/.m2/repository/jakarta/transaction/jakarta.transaction-api/2.0.1/jakarta.transaction-api-2.0.1.jar:/Users/richardmunyemana/.m2/repository/org/jboss/logging/jboss-logging/3.6.1.Final/jboss-logging-3.6.1.Final.jar:/Users/richardmunyemana/.m2/repository/org/hibernate/common/hibernate-commons-annotations/7.0.3.Final/hibernate-commons-annotations-7.0.3.Final.jar:/Users/richardmunyemana/.m2/repository/io/smallrye/jandex/3.2.0/jandex-3.2.0.jar:/Users/richardmunyemana/.m2/repository/com/fasterxml/classmate/1.7.0/classmate-1.7.0.jar:/Users/richardmunyemana/.m2/repository/net/bytebuddy/byte-buddy/1.15.11/byte-buddy-1.15.11.jar:/Users/richardmunyemana/.m2/repository/org/glassfish/jaxb/jaxb-runtime/4.0.5/jaxb-runtime-4.0.5.jar:/Users/richardmunyemana/.m2/repository/org/glassfish/jaxb/jaxb-core/4.0.5/jaxb-core-4.0.5.jar:/Users/richardmunyemana/.m2/repository/org/eclipse/angus/angus-activation/2.0.2/angus-activation-2.0.2.jar:/Users/richardmunyemana/.m2/repository/org/glassfish/jaxb/txw2/4.0.5/txw2-4.0.5.jar:/Users/richardmunyemana/.m2/repository/com/sun/istack/istack-commons-runtime/4.1.2/istack-commons-runtime-4.1.2.jar:/Users/richardmunyemana/.m2/repository/jakarta/inject/jakarta.inject-api/2.0.1/jakarta.inject-api-2.0.1.jar:/Users/richardmunyemana/.m2/repository/org/antlr/antlr4-runtime/4.13.0/antlr4-runtime-4.13.0.jar:/Users/richardmunyemana/.m2/repository/org/springframework/data/spring-data-jpa/3.4.3/spring-data-jpa-3.4.3.jar:/Users/richardmunyemana/.m2/repository/org/springframework/data/spring-data-commons/3.4.3/spring-data-commons-3.4.3.jar:/Users/richardmunyemana/.m2/repository/org/springframework/spring-orm/6.2.3/spring-orm-6.2.3.jar:/Users/richardmunyemana/.m2/repository/org/springframework/spring-context/6.2.3/spring-context-6.2.3.jar:/Users/richardmunyemana/.m2/repository/org/springframework/spring-aop/6.2.3/spring-aop-6.2.3.jar:/Users/richardmunyemana/.m2/repository/org/springframework/spring-tx/6.2.3/spring-tx-6.2.3.jar:/Users/richardmunyemana/.m2/repository/org/springframework/spring-beans/6.2.3/spring-beans-6.2.3.jar:/Users/richardmunyemana/.m2/repository/org/slf4j/slf4j-api/2.0.16/slf4j-api-2.0.16.jar:/Users/richardmunyemana/.m2/repository/org/springframework/spring-aspects/6.2.3/spring-aspects-6.2.3.jar:/Users/richardmunyemana/.m2/repository/org/aspectj/aspectjweaver/1.9.22.1/aspectjweaver-1.9.22.1.jar:/Users/richardmunyemana/.m2/repository/org/springframework/boot/spring-boot-starter-web/3.4.3/spring-boot-starter-web-3.4.3.jar:/Users/richardmunyemana/.m2/repository/org/springframework/boot/spring-boot-starter-json/3.4.3/spring-boot-starter-json-3.4.3.jar:/Users/richardmunyemana/.m2/repository/com/fasterxml/jackson/core/jackson-databind/2.18.2/jackson-databind-2.18.2.jar:/Users/richardmunyemana/.m2/repository/com/fasterxml/jackson/core/jackson-annotations/2.18.2/jackson-annotations-2.18.2.jar:/Users/richardmunyemana/.m2/repository/com/fasterxml/jackson/core/jackson-core/2.18.2/jackson-core-2.18.2.jar:/Users/richardmunyemana/.m2/repository/com/fasterxml/jackson/datatype/jackson-datatype-jdk8/2.18.2/jackson-datatype-jdk8-2.18.2.jar:/Users/richardmunyemana/.m2/repository/com/fasterxml/jackson/datatype/jackson-datatype-jsr310/2.18.2/jackson-datatype-jsr310-2.18.2.jar:/Users/richardmunyemana/.m2/repository/com/fasterxml/jackson/module/jackson-module-parameter-names/2.18.2/jackson-module-parameter-names-2.18.2.jar:/Users/richardmunyemana/.m2/repository/org/springframework/boot/spring-boot-starter-tomcat/3.4.3/spring-boot-starter-tomcat-3.4.3.jar:/Users/richardmunyemana/.m2/repository/org/apache/tomcat/embed/tomcat-embed-core/10.1.36/tomcat-embed-core-10.1.36.jar:/Users/richardmunyemana/.m2/repository/org/apache/tomcat/embed/tomcat-embed-websocket/10.1.36/tomcat-embed-websocket-10.1.36.jar:/Users/richardmunyemana/.m2/repository/org/springframework/spring-web/6.2.3/spring-web-6.2.3.jar:/Users/richardmunyemana/.m2/repository/io/micrometer/micrometer-observation/1.14.4/micrometer-observation-1.14.4.jar:/Users/richardmunyemana/.m2/repository/io/micrometer/micrometer-commons/1.14.4/micrometer-commons-1.14.4.jar:/Users/richardmunyemana/.m2/repository/org/springframework/spring-webmvc/6.2.3/spring-webmvc-6.2.3.jar:/Users/richardmunyemana/.m2/repository/org/springframework/spring-expression/6.2.3/spring-expression-6.2.3.jar:/Users/richardmunyemana/.m2/repository/org/springframework/boot/spring-boot-starter-validation/3.4.3/spring-boot-starter-validation-3.4.3.jar:/Users/richardmunyemana/.m2/repository/org/apache/tomcat/embed/tomcat-embed-el/10.1.36/tomcat-embed-el-10.1.36.jar:/Users/richardmunyemana/.m2/repository/org/hibernate/validator/hibernate-validator/8.0.2.Final/hibernate-validator-8.0.2.Final.jar:/Users/richardmunyemana/.m2/repository/jakarta/validation/jakarta.validation-api/3.0.2/jakarta.validation-api-3.0.2.jar:/Users/richardmunyemana/.m2/repository/com/mysql/mysql-connector-j/9.1.0/mysql-connector-j-9.1.0.jar:/Users/richardmunyemana/.m2/repository/org/projectlombok/lombok/1.18.36/lombok-1.18.36.jar:/Users/richardmunyemana/.m2/repository/org/springframework/boot/spring-boot-starter-test/3.4.3/spring-boot-starter-test-3.4.3.jar:/Users/richardmunyemana/.m2/repository/org/springframework/boot/spring-boot-test/3.4.3/spring-boot-test-3.4.3.jar:/Users/richardmunyemana/.m2/repository/org/springframework/boot/spring-boot-test-autoconfigure/3.4.3/spring-boot-test-autoconfigure-3.4.3.jar:/Users/richardmunyemana/.m2/repository/com/jayway/jsonpath/json-path/2.9.0/json-path-2.9.0.jar:/Users/richardmunyemana/.m2/repository/jakarta/xml/bind/jakarta.xml.bind-api/4.0.2/jakarta.xml.bind-api-4.0.2.jar:/Users/richardmunyemana/.m2/repository/jakarta/activation/jakarta.activation-api/2.1.3/jakarta.activation-api-2.1.3.jar:/Users/richardmunyemana/.m2/repository/net/minidev/json-smart/2.5.2/json-smart-2.5.2.jar:/Users/richardmunyemana/.m2/repository/net/minidev/accessors-smart/2.5.2/accessors-smart-2.5.2.jar:/Users/richardmunyemana/.m2/repository/org/ow2/asm/asm/9.7.1/asm-9.7.1.jar:/Users/richardmunyemana/.m2/repository/org/assertj/assertj-core/3.26.3/assertj-core-3.26.3.jar:/Users/richardmunyemana/.m2/repository/org/awaitility/awaitility/4.2.2/awaitility-4.2.2.jar:/Users/richardmunyemana/.m2/repository/org/hamcrest/hamcrest/2.2/hamcrest-2.2.jar:/Users/richardmunyemana/.m2/repository/org/junit/jupiter/junit-jupiter/5.11.4/junit-jupiter-5.11.4.jar:/Users/richardmunyemana/.m2/repository/org/junit/jupiter/junit-jupiter-api/5.11.4/junit-jupiter-api-5.11.4.jar:/Users/richardmunyemana/.m2/repository/org/opentest4j/opentest4j/1.3.0/opentest4j-1.3.0.jar:/Users/richardmunyemana/.m2/repository/org/junit/platform/junit-platform-commons/1.11.4/junit-platform-commons-1.11.4.jar:/Users/richardmunyemana/.m2/repository/org/apiguardian/apiguardian-api/1.1.2/apiguardian-api-1.1.2.jar:/Users/richardmunyemana/.m2/repository/org/junit/jupiter/junit-jupiter-params/5.11.4/junit-jupiter-params-5.11.4.jar:/Users/richardmunyemana/.m2/repository/org/junit/jupiter/junit-jupiter-engine/5.11.4/junit-jupiter-engine-5.11.4.jar:/Users/richardmunyemana/.m2/repository/org/junit/platform/junit-platform-engine/1.11.4/junit-platform-engine-1.11.4.jar:/Users/richardmunyemana/.m2/repository/org/mockito/mockito-core/5.14.2/mockito-core-5.14.2.jar:/Users/richardmunyemana/.m2/repository/net/bytebuddy/byte-buddy-agent/1.15.11/byte-buddy-agent-1.15.11.jar:/Users/richardmunyemana/.m2/repository/org/objenesis/objenesis/3.3/objenesis-3.3.jar:/Users/richardmunyemana/.m2/repository/org/mockito/mockito-junit-jupiter/5.14.2/mockito-junit-jupiter-5.14.2.jar:/Users/richardmunyemana/.m2/repository/org/skyscreamer/jsonassert/1.5.3/jsonassert-1.5.3.jar:/Users/richardmunyemana/.m2/repository/com/vaadin/external/google/android-json/0.0.20131108.vaadin1/android-json-0.0.20131108.vaadin1.jar:/Users/richardmunyemana/.m2/repository/org/springframework/spring-core/6.2.3/spring-core-6.2.3.jar:/Users/richardmunyemana/.m2/repository/org/springframework/spring-jcl/6.2.3/spring-jcl-6.2.3.jar:/Users/richardmunyemana/.m2/repository/org/springframework/spring-test/6.2.3/spring-test-6.2.3.jar:/Users/richardmunyemana/.m2/repository/org/xmlunit/xmlunit-core/2.10.0/xmlunit-core-2.10.0.jar:"/>
    <property name="sun.cpu.endian" value="little"/>
    <property name="user.home" value="/Users/richardmunyemana"/>
    <property name="user.language" value="en"/>
    <property name="java.specification.vendor" value="Oracle Corporation"/>
    <property name="java.version.date" value="2024-07-16"/>
    <property name="java.home" value="/opt/homebrew/opt/sdkman-cli/libexec/candidates/java/22.0.2-oracle"/>
    <property name="file.separator" value="/"/>
    <property name="basedir" value="/Users/richardmunyemana/Downloads/bookstore-api"/>
    <property name="java.vm.compressedOopsMode" value="Zero based"/>
    <property name="line.separator" value="&#10;"/>
    <property name="java.vm.specification.vendor" value="Oracle Corporation"/>
    <property name="java.specification.name" value="Java Platform API Specification"/>
    <property name="FILE_LOG_CHARSET" value="UTF-8"/>
    <property name="java.awt.headless" value="true"/>
    <property name="apple.awt.application.name" value="ForkedBooter"/>
    <property name="surefire.real.class.path" value="/Users/richardmunyemana/Downloads/bookstore-api/target/surefire/surefirebooter-20250321174059250_3.jar"/>
    <property name="sun.management.compiler" value="HotSpot 64-Bit Tiered Compilers"/>
    <property name="ftp.nonProxyHosts" value="local|*.local|169.254/16|*.169.254/16"/>
    <property name="java.runtime.version" value="22.0.2+9-70"/>
    <property name="user.name" value="richardmunyemana"/>
    <property name="stdout.encoding" value="UTF-8"/>
    <property name="path.separator" value=":"/>
    <property name="os.version" value="14.6.1"/>
    <property name="java.runtime.name" value="Java(TM) SE Runtime Environment"/>
    <property name="file.encoding" value="UTF-8"/>
    <property name="java.vm.name" value="Java HotSpot(TM) 64-Bit Server VM"/>
    <property name="localRepository" value="/Users/richardmunyemana/.m2/repository"/>
    <property name="java.vendor.url.bug" value="https://bugreport.java.com/bugreport/"/>
    <property name="java.io.tmpdir" value="/var/folders/0g/wjyc_9217cj94m5fgw40zf5w0000gn/T/"/>
    <property name="com.zaxxer.hikari.pool_number" value="1"/>
    <property name="java.version" value="22.0.2"/>
    <property name="user.dir" value="/Users/richardmunyemana/Downloads/bookstore-api"/>
    <property name="os.arch" value="aarch64"/>
    <property name="java.vm.specification.name" value="Java Virtual Machine Specification"/>
    <property name="PID" value="75753"/>
    <property name="CONSOLE_LOG_CHARSET" value="UTF-8"/>
    <property name="native.encoding" value="UTF-8"/>
    <property name="java.library.path" value="/Users/richardmunyemana/Library/Java/Extensions:/Library/Java/Extensions:/Network/Library/Java/Extensions:/System/Library/Java/Extensions:/usr/lib/java:."/>
    <property name="java.vm.info" value="mixed mode, sharing"/>
    <property name="stderr.encoding" value="UTF-8"/>
    <property name="java.vendor" value="Oracle Corporation"/>
    <property name="java.vm.version" value="22.0.2+9-70"/>
    <property name="sun.io.unicode.encoding" value="UnicodeBig"/>
    <property name="socksNonProxyHosts" value="local|*.local|169.254/16|*.169.254/16"/>
    <property name="java.class.version" value="66.0"/>
  </properties>
  <testcase name="contextLoads" classname="com.rmunyema.bookstore_api.BookstoreApiApplicationTests" time="0.267">
    <system-out><![CDATA[17:40:59.575 [main] INFO org.springframework.test.context.support.AnnotationConfigContextLoaderUtils -- Could not detect default configuration classes for test class [com.rmunyema.bookstore_api.BookstoreApiApplicationTests]: BookstoreApiApplicationTests does not declare any static, non-private, non-final, nested classes annotated with @Configuration.
17:40:59.617 [main] INFO org.springframework.boot.test.context.SpringBootTestContextBootstrapper -- Found @SpringBootConfiguration com.rmunyema.bookstore_api.BookstoreApiApplication for test class com.rmunyema.bookstore_api.BookstoreApiApplicationTests

  .   ____          _            __ _ _
 /\\ / ___'_ __ _ _(_)_ __  __ _ \ \ \ \
( ( )\___ | '_ | '_| | '_ \/ _` | \ \ \ \
 \\/  ___)| |_)| | | | | || (_| |  ) ) ) )
  '  |____| .__|_| |_|_| |_\__, | / / / /
 =========|_|==============|___/=/_/_/_/

 :: Spring Boot ::                (v3.4.3)

2025-03-21T17:40:59.792+02:00  INFO 75753 --- [           main] c.r.b.BookstoreApiApplicationTests       : Starting BookstoreApiApplicationTests using Java 22.0.2 with PID 75753 (started by richardmunyemana in /Users/richardmunyemana/Downloads/bookstore-api)
2025-03-21T17:40:59.792+02:00  INFO 75753 --- [           main] c.r.b.BookstoreApiApplicationTests       : No active profile set, falling back to 1 default profile: "default"
2025-03-21T17:41:00.028+02:00  INFO 75753 --- [           main] .s.d.r.c.RepositoryConfigurationDelegate : Bootstrapping Spring Data JPA repositories in DEFAULT mode.
2025-03-21T17:41:00.050+02:00  INFO 75753 --- [           main] .s.d.r.c.RepositoryConfigurationDelegate : Finished Spring Data repository scanning in 18 ms. Found 2 JPA repository interfaces.
2025-03-21T17:41:00.176+02:00 DEBUG 75753 --- [           main] com.zaxxer.hikari.HikariConfig           : Driver class com.mysql.cj.jdbc.Driver found in Thread context class loader jdk.internal.loader.ClassLoaders$AppClassLoader@43e45247
2025-03-21T17:41:00.215+02:00  INFO 75753 --- [           main] o.hibernate.jpa.internal.util.LogHelper  : HHH000204: Processing PersistenceUnitInfo [name: default]
2025-03-21T17:41:00.234+02:00  INFO 75753 --- [           main] org.hibernate.Version                    : HHH000412: Hibernate ORM core version 6.6.8.Final
2025-03-21T17:41:00.245+02:00  INFO 75753 --- [           main] o.h.c.internal.RegionFactoryInitiator    : HHH000026: Second-level cache disabled
2025-03-21T17:41:00.354+02:00  INFO 75753 --- [           main] o.s.o.j.p.SpringPersistenceUnitInfo      : No LoadTimeWeaver setup: ignoring JPA class transformer
2025-03-21T17:41:00.365+02:00 DEBUG 75753 --- [           main] com.zaxxer.hikari.HikariConfig           : HikariPool-1 - configuration:
2025-03-21T17:41:00.367+02:00 DEBUG 75753 --- [           main] com.zaxxer.hikari.HikariConfig           : allowPoolSuspension.............false
2025-03-21T17:41:00.367+02:00 DEBUG 75753 --- [           main] com.zaxxer.hikari.HikariConfig           : autoCommit......................true
2025-03-21T17:41:00.367+02:00 DEBUG 75753 --- [           main] com.zaxxer.hikari.HikariConfig           : catalog.........................none
2025-03-21T17:41:00.367+02:00 DEBUG 75753 --- [           main] com.zaxxer.hikari.HikariConfig           : connectionInitSql...............none
2025-03-21T17:41:00.367+02:00 DEBUG 75753 --- [           main] com.zaxxer.hikari.HikariConfig           : connectionTestQuery.............none
2025-03-21T17:41:00.368+02:00 DEBUG 75753 --- [           main] com.zaxxer.hikari.HikariConfig           : connectionTimeout...............20000
2025-03-21T17:41:00.368+02:00 DEBUG 75753 --- [           main] com.zaxxer.hikari.HikariConfig           : dataSource......................none
2025-03-21T17:41:00.368+02:00 DEBUG 75753 --- [           main] com.zaxxer.hikari.HikariConfig           : dataSourceClassName.............none
2025-03-21T17:41:00.368+02:00 DEBUG 75753 --- [           main] com.zaxxer.hikari.HikariConfig           : dataSourceJNDI..................none
2025-03-21T17:41:00.368+02:00 DEBUG 75753 --- [           main] com.zaxxer.hikari.HikariConfig           : dataSourceProperties............{password=<masked>}
2025-03-21T17:41:00.368+02:00 DEBUG 75753 --- [           main] com.zaxxer.hikari.HikariConfig           : driverClassName................."com.mysql.cj.jdbc.Driver"
2025-03-21T17:41:00.368+02:00 DEBUG 75753 --- [           main] com.zaxxer.hikari.HikariConfig           : exceptionOverrideClassName......none
2025-03-21T17:41:00.368+02:00 DEBUG 75753 --- [           main] com.zaxxer.hikari.HikariConfig           : healthCheckProperties...........{}
2025-03-21T17:41:00.368+02:00 DEBUG 75753 --- [           main] com.zaxxer.hikari.HikariConfig           : healthCheckRegistry.............none
2025-03-21T17:41:00.368+02:00 DEBUG 75753 --- [           main] com.zaxxer.hikari.HikariConfig           : idleTimeout.....................600000
2025-03-21T17:41:00.368+02:00 DEBUG 75753 --- [           main] com.zaxxer.hikari.HikariConfig           : initializationFailTimeout.......1
2025-03-21T17:41:00.369+02:00 DEBUG 75753 --- [           main] com.zaxxer.hikari.HikariConfig           : isolateInternalQueries..........false
2025-03-21T17:41:00.369+02:00 DEBUG 75753 --- [           main] com.zaxxer.hikari.HikariConfig           : jdbcUrl.........................jdbc:mysql://localhost:3306/bookstore?allowPublicKeyRetrieval=true&useSSL=false
2025-03-21T17:41:00.369+02:00 DEBUG 75753 --- [           main] com.zaxxer.hikari.HikariConfig           : keepaliveTime...................0
2025-03-21T17:41:00.369+02:00 DEBUG 75753 --- [           main] com.zaxxer.hikari.HikariConfig           : leakDetectionThreshold..........0
2025-03-21T17:41:00.369+02:00 DEBUG 75753 --- [           main] com.zaxxer.hikari.HikariConfig           : maxLifetime.....................1800000
2025-03-21T17:41:00.369+02:00 DEBUG 75753 --- [           main] com.zaxxer.hikari.HikariConfig           : maximumPoolSize.................5
2025-03-21T17:41:00.369+02:00 DEBUG 75753 --- [           main] com.zaxxer.hikari.HikariConfig           : metricRegistry..................none
2025-03-21T17:41:00.369+02:00 DEBUG 75753 --- [           main] com.zaxxer.hikari.HikariConfig           : metricsTrackerFactory...........none
2025-03-21T17:41:00.369+02:00 DEBUG 75753 --- [           main] com.zaxxer.hikari.HikariConfig           : minimumIdle.....................5
2025-03-21T17:41:00.369+02:00 DEBUG 75753 --- [           main] com.zaxxer.hikari.HikariConfig           : password........................<masked>
2025-03-21T17:41:00.369+02:00 DEBUG 75753 --- [           main] com.zaxxer.hikari.HikariConfig           : poolName........................"HikariPool-1"
2025-03-21T17:41:00.369+02:00 DEBUG 75753 --- [           main] com.zaxxer.hikari.HikariConfig           : readOnly........................false
2025-03-21T17:41:00.369+02:00 DEBUG 75753 --- [           main] com.zaxxer.hikari.HikariConfig           : registerMbeans..................false
2025-03-21T17:41:00.370+02:00 DEBUG 75753 --- [           main] com.zaxxer.hikari.HikariConfig           : scheduledExecutor...............none
2025-03-21T17:41:00.370+02:00 DEBUG 75753 --- [           main] com.zaxxer.hikari.HikariConfig           : schema..........................none
2025-03-21T17:41:00.370+02:00 DEBUG 75753 --- [           main] com.zaxxer.hikari.HikariConfig           : threadFactory...................internal
2025-03-21T17:41:00.370+02:00 DEBUG 75753 --- [           main] com.zaxxer.hikari.HikariConfig           : transactionIsolation............default
2025-03-21T17:41:00.370+02:00 DEBUG 75753 --- [           main] com.zaxxer.hikari.HikariConfig           : username........................"root"
2025-03-21T17:41:00.370+02:00 DEBUG 75753 --- [           main] com.zaxxer.hikari.HikariConfig           : validationTimeout...............5000
2025-03-21T17:41:00.370+02:00  INFO 75753 --- [           main] com.zaxxer.hikari.HikariDataSource       : HikariPool-1 - Starting...
2025-03-21T17:41:00.447+02:00  INFO 75753 --- [           main] com.zaxxer.hikari.pool.HikariPool        : HikariPool-1 - Added connection com.mysql.cj.jdbc.ConnectionImpl@218df7d6
2025-03-21T17:41:00.448+02:00  INFO 75753 --- [           main] com.zaxxer.hikari.HikariDataSource       : HikariPool-1 - Start completed.
2025-03-21T17:41:00.476+02:00  WARN 75753 --- [           main] org.hibernate.orm.deprecation            : HHH90000025: MySQLDialect does not need to be specified explicitly using 'hibernate.dialect' (remove the property setting and it will be selected by default)
2025-03-21T17:41:00.482+02:00  INFO 75753 --- [           main] org.hibernate.orm.connections.pooling    : HHH10001005: Database info:
	Database JDBC URL [Connecting through datasource 'HikariDataSource (HikariPool-1)']
	Database driver: undefined/unknown
	Database version: 8.2
	Autocommit mode: undefined/unknown
	Isolation level: undefined/unknown
	Minimum pool size: undefined/unknown
	Maximum pool size: undefined/unknown
2025-03-21T17:41:00.553+02:00 DEBUG 75753 --- [l-1 housekeeper] com.zaxxer.hikari.pool.HikariPool        : HikariPool-1 - Pool stats (total=1, active=0, idle=1, waiting=0)
2025-03-21T17:41:00.560+02:00 DEBUG 75753 --- [onnection adder] com.zaxxer.hikari.pool.HikariPool        : HikariPool-1 - Added connection com.mysql.cj.jdbc.ConnectionImpl@4c27bc1b
2025-03-21T17:41:00.596+02:00 DEBUG 75753 --- [onnection adder] com.zaxxer.hikari.pool.HikariPool        : HikariPool-1 - After adding stats (total=2, active=0, idle=2, waiting=0)
2025-03-21T17:41:00.599+02:00 DEBUG 75753 --- [onnection adder] com.zaxxer.hikari.pool.HikariPool        : HikariPool-1 - Added connection com.mysql.cj.jdbc.ConnectionImpl@4deb6456
2025-03-21T17:41:00.634+02:00 DEBUG 75753 --- [onnection adder] com.zaxxer.hikari.pool.HikariPool        : HikariPool-1 - After adding stats (total=3, active=0, idle=3, waiting=0)
2025-03-21T17:41:00.637+02:00 DEBUG 75753 --- [onnection adder] com.zaxxer.hikari.pool.HikariPool        : HikariPool-1 - Added connection com.mysql.cj.jdbc.ConnectionImpl@35465251
2025-03-21T17:41:00.667+02:00 DEBUG 75753 --- [onnection adder] com.zaxxer.hikari.pool.HikariPool        : HikariPool-1 - After adding stats (total=4, active=0, idle=4, waiting=0)
2025-03-21T17:41:00.670+02:00 DEBUG 75753 --- [onnection adder] com.zaxxer.hikari.pool.HikariPool        : HikariPool-1 - Added connection com.mysql.cj.jdbc.ConnectionImpl@7b6a494b
2025-03-21T17:41:00.705+02:00 DEBUG 75753 --- [onnection adder] com.zaxxer.hikari.pool.HikariPool        : HikariPool-1 - After adding stats (total=5, active=0, idle=5, waiting=0)
2025-03-21T17:41:00.804+02:00  INFO 75753 --- [           main] o.h.e.t.j.p.i.JtaPlatformInitiator       : HHH000489: No JTA platform available (set 'hibernate.transaction.jta.platform' to enable JTA platform integration)
2025-03-21T17:41:00.835+02:00  INFO 75753 --- [           main] j.LocalContainerEntityManagerFactoryBean : Initialized JPA EntityManagerFactory for persistence unit 'default'
2025-03-21T17:41:01.011+02:00  WARN 75753 --- [           main] JpaBaseConfiguration$JpaWebConfiguration : spring.jpa.open-in-view is enabled by default. Therefore, database queries may be performed during view rendering. Explicitly configure spring.jpa.open-in-view to disable this warning
2025-03-21T17:41:01.156+02:00  INFO 75753 --- [           main] c.r.b.BookstoreApiApplicationTests       : Started BookstoreApiApplicationTests in 1.488 seconds (process running for 1.866)
]]></system-out>
    <system-err><![CDATA[Mockito is currently self-attaching to enable the inline-mock-maker. This will no longer work in future releases of the JDK. Please add Mockito as an agent to your build what is described in Mockito's documentation: https://javadoc.io/doc/org.mockito/mockito-core/latest/org/mockito/Mockito.html#0.3
WARNING: A Java agent has been loaded dynamically (/Users/richardmunyemana/.m2/repository/net/bytebuddy/byte-buddy-agent/1.15.11/byte-buddy-agent-1.15.11.jar)
WARNING: If a serviceability tool is in use, please run with -XX:+EnableDynamicAgentLoading to hide this warning
WARNING: If a serviceability tool is not in use, please run with -Djdk.instrument.traceUsage for more information
WARNING: Dynamic loading of agents will be disallowed by default in a future release
]]></system-err>
  </testcase>
</testsuite>